<?xml version="1.0" encoding="UTF-8"?>
<robot generator="Robot 6.1.1 (Python 3.10.12 on linux)" generated="20231117 15:13:19.296" rpa="false" schemaversion="4">
<suite id="s1" name="Tests" source="/home/joona/Desktop/palautusrepositorio/viikko3/web-login/src/tests">
<suite id="s1-s1" name="Home" source="/home/joona/Desktop/palautusrepositorio/viikko3/web-login/src/tests/home.robot">
<kw name="Open And Configure Browser" library="resource" type="SETUP">
<kw name="Evaluate" library="BuiltIn">
<var>${options}</var>
<arg>sys.modules['selenium.webdriver'].ChromeOptions()</arg>
<arg>sys</arg>
<doc>Evaluates the given expression in Python and returns the result.</doc>
<msg timestamp="20231117 15:13:19.378" level="INFO">${options} = &lt;selenium.webdriver.chrome.options.Options object at 0x7fd177e9a320&gt;</msg>
<status status="PASS" starttime="20231117 15:13:19.378" endtime="20231117 15:13:19.378"/>
</kw>
<kw name="Call Method" library="BuiltIn">
<arg>${options}</arg>
<arg>add_argument</arg>
<arg>--no-sandbox</arg>
<doc>Calls the named method of the given object with the provided arguments.</doc>
<status status="PASS" starttime="20231117 15:13:19.378" endtime="20231117 15:13:19.378"/>
</kw>
<kw name="Call Method" library="BuiltIn">
<arg>${options}</arg>
<arg>add_argument</arg>
<arg>--headless</arg>
<doc>Calls the named method of the given object with the provided arguments.</doc>
<status status="PASS" starttime="20231117 15:13:19.378" endtime="20231117 15:13:19.378"/>
</kw>
<kw name="Open Browser" library="SeleniumLibrary">
<arg>browser=chrome</arg>
<arg>options=${options}</arg>
<doc>Opens a new browser instance to the optional ``url``.</doc>
<msg timestamp="20231117 15:13:19.379" level="INFO">Opening browser 'chrome' to base url 'None'.</msg>
<status status="PASS" starttime="20231117 15:13:19.378" endtime="20231117 15:13:20.343"/>
</kw>
<kw name="Set Selenium Speed" library="SeleniumLibrary">
<arg>${DELAY}</arg>
<doc>Sets the delay that is waited after each Selenium command.</doc>
<status status="PASS" starttime="20231117 15:13:20.343" endtime="20231117 15:13:20.343"/>
</kw>
<status status="PASS" starttime="20231117 15:13:19.378" endtime="20231117 15:13:20.343"/>
</kw>
<test id="s1-s1-t1" name="Click Login Link" line="8">
<kw name="Go To Starting Page" library="resource" type="SETUP">
<kw name="Go To" library="SeleniumLibrary">
<arg>${HOME_URL}</arg>
<doc>Navigates the current browser window to the provided ``url``.</doc>
<msg timestamp="20231117 15:13:20.345" level="INFO">Opening url 'http://localhost:5001'</msg>
<status status="PASS" starttime="20231117 15:13:20.345" endtime="20231117 15:13:20.589"/>
</kw>
<status status="PASS" starttime="20231117 15:13:20.344" endtime="20231117 15:13:20.589"/>
</kw>
<kw name="Click Link" library="SeleniumLibrary">
<arg>Login</arg>
<doc>Clicks a link identified by ``locator``.</doc>
<msg timestamp="20231117 15:13:20.590" level="INFO">Clicking link 'Login'.</msg>
<status status="PASS" starttime="20231117 15:13:20.589" endtime="20231117 15:13:20.684"/>
</kw>
<kw name="Login Page Should Be Open" library="resource">
<kw name="Title Should Be" library="SeleniumLibrary">
<arg>Login</arg>
<doc>Verifies that the current page title equals ``title``.</doc>
<msg timestamp="20231117 15:13:20.693" level="INFO">Page title is 'Login'.</msg>
<status status="PASS" starttime="20231117 15:13:20.684" endtime="20231117 15:13:20.693"/>
</kw>
<status status="PASS" starttime="20231117 15:13:20.684" endtime="20231117 15:13:20.693"/>
</kw>
<status status="PASS" starttime="20231117 15:13:20.344" endtime="20231117 15:13:20.693"/>
</test>
<test id="s1-s1-t2" name="Click Register Link" line="12">
<kw name="Go To Starting Page" library="resource" type="SETUP">
<kw name="Go To" library="SeleniumLibrary">
<arg>${HOME_URL}</arg>
<doc>Navigates the current browser window to the provided ``url``.</doc>
<msg timestamp="20231117 15:13:20.695" level="INFO">Opening url 'http://localhost:5001'</msg>
<status status="PASS" starttime="20231117 15:13:20.695" endtime="20231117 15:13:20.755"/>
</kw>
<status status="PASS" starttime="20231117 15:13:20.695" endtime="20231117 15:13:20.755"/>
</kw>
<kw name="Click Link" library="SeleniumLibrary">
<arg>Register new user</arg>
<doc>Clicks a link identified by ``locator``.</doc>
<msg timestamp="20231117 15:13:20.756" level="INFO">Clicking link 'Register new user'.</msg>
<status status="PASS" starttime="20231117 15:13:20.755" endtime="20231117 15:13:20.841"/>
</kw>
<kw name="Register Page Should Be Open" library="resource">
<kw name="Title Should Be" library="SeleniumLibrary">
<arg>Register</arg>
<doc>Verifies that the current page title equals ``title``.</doc>
<msg timestamp="20231117 15:13:20.848" level="INFO">Page title is 'Register'.</msg>
<status status="PASS" starttime="20231117 15:13:20.841" endtime="20231117 15:13:20.848"/>
</kw>
<status status="PASS" starttime="20231117 15:13:20.841" endtime="20231117 15:13:20.848"/>
</kw>
<status status="PASS" starttime="20231117 15:13:20.694" endtime="20231117 15:13:20.848"/>
</test>
<kw name="Close Browser" library="SeleniumLibrary" type="TEARDOWN">
<doc>Closes the current browser.</doc>
<status status="PASS" starttime="20231117 15:13:20.848" endtime="20231117 15:13:20.904"/>
</kw>
<status status="PASS" starttime="20231117 15:13:19.305" endtime="20231117 15:13:20.904"/>
</suite>
<suite id="s1-s2" name="Login" source="/home/joona/Desktop/palautusrepositorio/viikko3/web-login/src/tests/login.robot">
<kw name="Open And Configure Browser" library="resource" type="SETUP">
<kw name="Evaluate" library="BuiltIn">
<var>${options}</var>
<arg>sys.modules['selenium.webdriver'].ChromeOptions()</arg>
<arg>sys</arg>
<doc>Evaluates the given expression in Python and returns the result.</doc>
<msg timestamp="20231117 15:13:20.907" level="INFO">${options} = &lt;selenium.webdriver.chrome.options.Options object at 0x7fd177e9b280&gt;</msg>
<status status="PASS" starttime="20231117 15:13:20.907" endtime="20231117 15:13:20.907"/>
</kw>
<kw name="Call Method" library="BuiltIn">
<arg>${options}</arg>
<arg>add_argument</arg>
<arg>--no-sandbox</arg>
<doc>Calls the named method of the given object with the provided arguments.</doc>
<status status="PASS" starttime="20231117 15:13:20.908" endtime="20231117 15:13:20.908"/>
</kw>
<kw name="Call Method" library="BuiltIn">
<arg>${options}</arg>
<arg>add_argument</arg>
<arg>--headless</arg>
<doc>Calls the named method of the given object with the provided arguments.</doc>
<status status="PASS" starttime="20231117 15:13:20.908" endtime="20231117 15:13:20.908"/>
</kw>
<kw name="Open Browser" library="SeleniumLibrary">
<arg>browser=chrome</arg>
<arg>options=${options}</arg>
<doc>Opens a new browser instance to the optional ``url``.</doc>
<msg timestamp="20231117 15:13:20.908" level="INFO">Opening browser 'chrome' to base url 'None'.</msg>
<status status="PASS" starttime="20231117 15:13:20.908" endtime="20231117 15:13:21.913"/>
</kw>
<kw name="Set Selenium Speed" library="SeleniumLibrary">
<arg>${DELAY}</arg>
<doc>Sets the delay that is waited after each Selenium command.</doc>
<status status="PASS" starttime="20231117 15:13:21.913" endtime="20231117 15:13:21.914"/>
</kw>
<status status="PASS" starttime="20231117 15:13:20.907" endtime="20231117 15:13:21.914"/>
</kw>
<test id="s1-s2-t1" name="Login With Correct Credentials" line="8">
<kw name="Create User And Go To Login Page" type="SETUP">
<kw name="Create User" library="AppLibrary">
<arg>kalle</arg>
<arg>kalle123</arg>
<status status="PASS" starttime="20231117 15:13:21.915" endtime="20231117 15:13:21.929"/>
</kw>
<kw name="Go To Login Page" library="resource">
<kw name="Go To" library="SeleniumLibrary">
<arg>${LOGIN_URL}</arg>
<doc>Navigates the current browser window to the provided ``url``.</doc>
<msg timestamp="20231117 15:13:21.929" level="INFO">Opening url 'http://localhost:5001/login'</msg>
<status status="PASS" starttime="20231117 15:13:21.929" endtime="20231117 15:13:22.090"/>
</kw>
<status status="PASS" starttime="20231117 15:13:21.929" endtime="20231117 15:13:22.090"/>
</kw>
<kw name="Login Page Should Be Open" library="resource">
<kw name="Title Should Be" library="SeleniumLibrary">
<arg>Login</arg>
<doc>Verifies that the current page title equals ``title``.</doc>
<msg timestamp="20231117 15:13:22.108" level="INFO">Page title is 'Login'.</msg>
<status status="PASS" starttime="20231117 15:13:22.090" endtime="20231117 15:13:22.108"/>
</kw>
<status status="PASS" starttime="20231117 15:13:22.090" endtime="20231117 15:13:22.109"/>
</kw>
<status status="PASS" starttime="20231117 15:13:21.915" endtime="20231117 15:13:22.109"/>
</kw>
<kw name="Set Username">
<arg>kalle</arg>
<kw name="Input Text" library="SeleniumLibrary">
<arg>username</arg>
<arg>${username}</arg>
<doc>Types the given ``text`` into the text field identified by ``locator``.</doc>
<msg timestamp="20231117 15:13:22.109" level="INFO">Typing text 'kalle' into text field 'username'.</msg>
<status status="PASS" starttime="20231117 15:13:22.109" endtime="20231117 15:13:22.248"/>
</kw>
<status status="PASS" starttime="20231117 15:13:22.109" endtime="20231117 15:13:22.248"/>
</kw>
<kw name="Set Password">
<arg>kalle123</arg>
<kw name="Input Password" library="SeleniumLibrary">
<arg>password</arg>
<arg>${password}</arg>
<doc>Types the given password into the text field identified by ``locator``.</doc>
<msg timestamp="20231117 15:13:22.249" level="INFO">Typing password into text field 'password'.</msg>
<msg timestamp="20231117 15:13:22.297" level="INFO">Temporally setting log level to: NONE</msg>
<msg timestamp="20231117 15:13:22.353" level="INFO">Log level changed from NONE to INFO.</msg>
<status status="PASS" starttime="20231117 15:13:22.249" endtime="20231117 15:13:22.353"/>
</kw>
<status status="PASS" starttime="20231117 15:13:22.249" endtime="20231117 15:13:22.353"/>
</kw>
<kw name="Submit Credentials">
<kw name="Click Button" library="SeleniumLibrary">
<arg>Login</arg>
<doc>Clicks the button identified by ``locator``.</doc>
<msg timestamp="20231117 15:13:22.354" level="INFO">Clicking button 'Login'.</msg>
<status status="PASS" starttime="20231117 15:13:22.354" endtime="20231117 15:13:22.428"/>
</kw>
<status status="PASS" starttime="20231117 15:13:22.353" endtime="20231117 15:13:22.428"/>
</kw>
<kw name="Login Should Succeed">
<kw name="Main Page Should Be Open" library="resource">
<kw name="Title Should Be" library="SeleniumLibrary">
<arg>Ohtu Application main page</arg>
<doc>Verifies that the current page title equals ``title``.</doc>
<msg timestamp="20231117 15:13:22.436" level="INFO">Page title is 'Ohtu Application main page'.</msg>
<status status="PASS" starttime="20231117 15:13:22.429" endtime="20231117 15:13:22.436"/>
</kw>
<status status="PASS" starttime="20231117 15:13:22.429" endtime="20231117 15:13:22.436"/>
</kw>
<status status="PASS" starttime="20231117 15:13:22.429" endtime="20231117 15:13:22.436"/>
</kw>
<status status="PASS" starttime="20231117 15:13:21.914" endtime="20231117 15:13:22.437"/>
</test>
<test id="s1-s2-t2" name="Login With Incorrect Password" line="14">
<kw name="Create User And Go To Login Page" type="SETUP">
<kw name="Create User" library="AppLibrary">
<arg>kalle</arg>
<arg>kalle123</arg>
<status status="PASS" starttime="20231117 15:13:22.441" endtime="20231117 15:13:22.502"/>
</kw>
<kw name="Go To Login Page" library="resource">
<kw name="Go To" library="SeleniumLibrary">
<arg>${LOGIN_URL}</arg>
<doc>Navigates the current browser window to the provided ``url``.</doc>
<msg timestamp="20231117 15:13:22.503" level="INFO">Opening url 'http://localhost:5001/login'</msg>
<status status="PASS" starttime="20231117 15:13:22.502" endtime="20231117 15:13:22.533"/>
</kw>
<status status="PASS" starttime="20231117 15:13:22.502" endtime="20231117 15:13:22.533"/>
</kw>
<kw name="Login Page Should Be Open" library="resource">
<kw name="Title Should Be" library="SeleniumLibrary">
<arg>Login</arg>
<doc>Verifies that the current page title equals ``title``.</doc>
<msg timestamp="20231117 15:13:22.539" level="INFO">Page title is 'Login'.</msg>
<status status="PASS" starttime="20231117 15:13:22.534" endtime="20231117 15:13:22.539"/>
</kw>
<status status="PASS" starttime="20231117 15:13:22.533" endtime="20231117 15:13:22.539"/>
</kw>
<status status="PASS" starttime="20231117 15:13:22.441" endtime="20231117 15:13:22.539"/>
</kw>
<kw name="Set Username">
<arg>kalle</arg>
<kw name="Input Text" library="SeleniumLibrary">
<arg>username</arg>
<arg>${username}</arg>
<doc>Types the given ``text`` into the text field identified by ``locator``.</doc>
<msg timestamp="20231117 15:13:22.540" level="INFO">Typing text 'kalle' into text field 'username'.</msg>
<status status="PASS" starttime="20231117 15:13:22.539" endtime="20231117 15:13:22.622"/>
</kw>
<status status="PASS" starttime="20231117 15:13:22.539" endtime="20231117 15:13:22.622"/>
</kw>
<kw name="Set Password">
<arg>kalle456</arg>
<kw name="Input Password" library="SeleniumLibrary">
<arg>password</arg>
<arg>${password}</arg>
<doc>Types the given password into the text field identified by ``locator``.</doc>
<msg timestamp="20231117 15:13:22.623" level="INFO">Typing password into text field 'password'.</msg>
<msg timestamp="20231117 15:13:22.664" level="INFO">Temporally setting log level to: NONE</msg>
<msg timestamp="20231117 15:13:22.709" level="INFO">Log level changed from NONE to INFO.</msg>
<status status="PASS" starttime="20231117 15:13:22.622" endtime="20231117 15:13:22.709"/>
</kw>
<status status="PASS" starttime="20231117 15:13:22.622" endtime="20231117 15:13:22.710"/>
</kw>
<kw name="Submit Credentials">
<kw name="Click Button" library="SeleniumLibrary">
<arg>Login</arg>
<doc>Clicks the button identified by ``locator``.</doc>
<msg timestamp="20231117 15:13:22.710" level="INFO">Clicking button 'Login'.</msg>
<status status="PASS" starttime="20231117 15:13:22.710" endtime="20231117 15:13:22.792"/>
</kw>
<status status="PASS" starttime="20231117 15:13:22.710" endtime="20231117 15:13:22.792"/>
</kw>
<kw name="Login Should Fail With Message">
<arg>Invalid username or password</arg>
<kw name="Login Page Should Be Open" library="resource">
<kw name="Title Should Be" library="SeleniumLibrary">
<arg>Login</arg>
<doc>Verifies that the current page title equals ``title``.</doc>
<msg timestamp="20231117 15:13:22.799" level="INFO">Page title is 'Login'.</msg>
<status status="PASS" starttime="20231117 15:13:22.793" endtime="20231117 15:13:22.799"/>
</kw>
<status status="PASS" starttime="20231117 15:13:22.793" endtime="20231117 15:13:22.799"/>
</kw>
<kw name="Page Should Contain" library="SeleniumLibrary">
<arg>${message}</arg>
<doc>Verifies that current page contains ``text``.</doc>
<msg timestamp="20231117 15:13:22.821" level="INFO">Current page contains text 'Invalid username or password'.</msg>
<status status="PASS" starttime="20231117 15:13:22.799" endtime="20231117 15:13:22.821"/>
</kw>
<status status="PASS" starttime="20231117 15:13:22.793" endtime="20231117 15:13:22.822"/>
</kw>
<status status="PASS" starttime="20231117 15:13:22.441" endtime="20231117 15:13:22.822"/>
</test>
<test id="s1-s2-t3" name="Login With Nonexistent Username" line="20">
<kw name="Create User And Go To Login Page" type="SETUP">
<kw name="Create User" library="AppLibrary">
<arg>kalle</arg>
<arg>kalle123</arg>
<status status="PASS" starttime="20231117 15:13:22.822" endtime="20231117 15:13:22.829"/>
</kw>
<kw name="Go To Login Page" library="resource">
<kw name="Go To" library="SeleniumLibrary">
<arg>${LOGIN_URL}</arg>
<doc>Navigates the current browser window to the provided ``url``.</doc>
<msg timestamp="20231117 15:13:22.829" level="INFO">Opening url 'http://localhost:5001/login'</msg>
<status status="PASS" starttime="20231117 15:13:22.829" endtime="20231117 15:13:22.843"/>
</kw>
<status status="PASS" starttime="20231117 15:13:22.829" endtime="20231117 15:13:22.843"/>
</kw>
<kw name="Login Page Should Be Open" library="resource">
<kw name="Title Should Be" library="SeleniumLibrary">
<arg>Login</arg>
<doc>Verifies that the current page title equals ``title``.</doc>
<msg timestamp="20231117 15:13:22.854" level="INFO">Page title is 'Login'.</msg>
<status status="PASS" starttime="20231117 15:13:22.843" endtime="20231117 15:13:22.854"/>
</kw>
<status status="PASS" starttime="20231117 15:13:22.843" endtime="20231117 15:13:22.854"/>
</kw>
<status status="PASS" starttime="20231117 15:13:22.822" endtime="20231117 15:13:22.854"/>
</kw>
<kw name="Set Username">
<arg>jyrki</arg>
<kw name="Input Text" library="SeleniumLibrary">
<arg>username</arg>
<arg>${username}</arg>
<doc>Types the given ``text`` into the text field identified by ``locator``.</doc>
<msg timestamp="20231117 15:13:22.858" level="INFO">Typing text 'jyrki' into text field 'username'.</msg>
<status status="PASS" starttime="20231117 15:13:22.856" endtime="20231117 15:13:23.786"/>
</kw>
<status status="PASS" starttime="20231117 15:13:22.856" endtime="20231117 15:13:23.786"/>
</kw>
<kw name="Set Password">
<arg>kalle456</arg>
<kw name="Input Password" library="SeleniumLibrary">
<arg>password</arg>
<arg>${password}</arg>
<doc>Types the given password into the text field identified by ``locator``.</doc>
<msg timestamp="20231117 15:13:23.786" level="INFO">Typing password into text field 'password'.</msg>
<msg timestamp="20231117 15:13:24.394" level="INFO">Temporally setting log level to: NONE</msg>
<msg timestamp="20231117 15:13:25.200" level="INFO">Log level changed from NONE to INFO.</msg>
<status status="PASS" starttime="20231117 15:13:23.786" endtime="20231117 15:13:25.200"/>
</kw>
<status status="PASS" starttime="20231117 15:13:23.786" endtime="20231117 15:13:25.200"/>
</kw>
<kw name="Submit Credentials">
<kw name="Click Button" library="SeleniumLibrary">
<arg>Login</arg>
<doc>Clicks the button identified by ``locator``.</doc>
<msg timestamp="20231117 15:13:25.200" level="INFO">Clicking button 'Login'.</msg>
<status status="PASS" starttime="20231117 15:13:25.200" endtime="20231117 15:13:25.429"/>
</kw>
<status status="PASS" starttime="20231117 15:13:25.200" endtime="20231117 15:13:25.429"/>
</kw>
<kw name="Login Should Fail With Message">
<arg>Invalid username or password</arg>
<kw name="Login Page Should Be Open" library="resource">
<kw name="Title Should Be" library="SeleniumLibrary">
<arg>Login</arg>
<doc>Verifies that the current page title equals ``title``.</doc>
<msg timestamp="20231117 15:13:25.436" level="INFO">Page title is 'Login'.</msg>
<status status="PASS" starttime="20231117 15:13:25.431" endtime="20231117 15:13:25.436"/>
</kw>
<status status="PASS" starttime="20231117 15:13:25.430" endtime="20231117 15:13:25.436"/>
</kw>
<kw name="Page Should Contain" library="SeleniumLibrary">
<arg>${message}</arg>
<doc>Verifies that current page contains ``text``.</doc>
<msg timestamp="20231117 15:13:25.448" level="INFO">Current page contains text 'Invalid username or password'.</msg>
<status status="PASS" starttime="20231117 15:13:25.436" endtime="20231117 15:13:25.448"/>
</kw>
<status status="PASS" starttime="20231117 15:13:25.430" endtime="20231117 15:13:25.448"/>
</kw>
<status status="PASS" starttime="20231117 15:13:22.822" endtime="20231117 15:13:25.449"/>
</test>
<kw name="Close Browser" library="SeleniumLibrary" type="TEARDOWN">
<doc>Closes the current browser.</doc>
<status status="PASS" starttime="20231117 15:13:25.449" endtime="20231117 15:13:25.526"/>
</kw>
<status status="PASS" starttime="20231117 15:13:20.905" endtime="20231117 15:13:25.526"/>
</suite>
<suite id="s1-s3" name="Register" source="/home/joona/Desktop/palautusrepositorio/viikko3/web-login/src/tests/register.robot">
<kw name="Open And Configure Browser" library="resource" type="SETUP">
<kw name="Evaluate" library="BuiltIn">
<var>${options}</var>
<arg>sys.modules['selenium.webdriver'].ChromeOptions()</arg>
<arg>sys</arg>
<doc>Evaluates the given expression in Python and returns the result.</doc>
<msg timestamp="20231117 15:13:25.529" level="INFO">${options} = &lt;selenium.webdriver.chrome.options.Options object at 0x7fd177c14f70&gt;</msg>
<status status="PASS" starttime="20231117 15:13:25.528" endtime="20231117 15:13:25.529"/>
</kw>
<kw name="Call Method" library="BuiltIn">
<arg>${options}</arg>
<arg>add_argument</arg>
<arg>--no-sandbox</arg>
<doc>Calls the named method of the given object with the provided arguments.</doc>
<status status="PASS" starttime="20231117 15:13:25.529" endtime="20231117 15:13:25.529"/>
</kw>
<kw name="Call Method" library="BuiltIn">
<arg>${options}</arg>
<arg>add_argument</arg>
<arg>--headless</arg>
<doc>Calls the named method of the given object with the provided arguments.</doc>
<status status="PASS" starttime="20231117 15:13:25.529" endtime="20231117 15:13:25.529"/>
</kw>
<kw name="Open Browser" library="SeleniumLibrary">
<arg>browser=chrome</arg>
<arg>options=${options}</arg>
<doc>Opens a new browser instance to the optional ``url``.</doc>
<msg timestamp="20231117 15:13:25.529" level="INFO">Opening browser 'chrome' to base url 'None'.</msg>
<status status="PASS" starttime="20231117 15:13:25.529" endtime="20231117 15:13:26.473"/>
</kw>
<kw name="Set Selenium Speed" library="SeleniumLibrary">
<arg>${DELAY}</arg>
<doc>Sets the delay that is waited after each Selenium command.</doc>
<status status="PASS" starttime="20231117 15:13:26.473" endtime="20231117 15:13:26.473"/>
</kw>
<status status="PASS" starttime="20231117 15:13:25.528" endtime="20231117 15:13:26.473"/>
</kw>
<test id="s1-s3-t1" name="Register With Valid Username And Password" line="8">
<kw name="Go To Register New User Page" type="SETUP">
<kw name="Go To Register Page" library="resource">
<kw name="Go To" library="SeleniumLibrary">
<arg>${REGISTER_URL}</arg>
<doc>Navigates the current browser window to the provided ``url``.</doc>
<msg timestamp="20231117 15:13:26.474" level="INFO">Opening url 'http://localhost:5001/register'</msg>
<status status="PASS" starttime="20231117 15:13:26.474" endtime="20231117 15:13:26.673"/>
</kw>
<status status="PASS" starttime="20231117 15:13:26.473" endtime="20231117 15:13:26.673"/>
</kw>
<kw name="Register Page Should Be Open" library="resource">
<kw name="Title Should Be" library="SeleniumLibrary">
<arg>Register</arg>
<doc>Verifies that the current page title equals ``title``.</doc>
<msg timestamp="20231117 15:13:26.680" level="INFO">Page title is 'Register'.</msg>
<status status="PASS" starttime="20231117 15:13:26.673" endtime="20231117 15:13:26.680"/>
</kw>
<status status="PASS" starttime="20231117 15:13:26.673" endtime="20231117 15:13:26.680"/>
</kw>
<status status="PASS" starttime="20231117 15:13:26.473" endtime="20231117 15:13:26.680"/>
</kw>
<kw name="Set Username">
<arg>jyrki</arg>
<kw name="Input Text" library="SeleniumLibrary">
<arg>username</arg>
<arg>${username}</arg>
<doc>Types the given ``text`` into the text field identified by ``locator``.</doc>
<msg timestamp="20231117 15:13:26.680" level="INFO">Typing text 'jyrki' into text field 'username'.</msg>
<status status="PASS" starttime="20231117 15:13:26.680" endtime="20231117 15:13:26.795"/>
</kw>
<status status="PASS" starttime="20231117 15:13:26.680" endtime="20231117 15:13:26.795"/>
</kw>
<kw name="Set Password">
<arg>jyrki123</arg>
<kw name="Input Password" library="SeleniumLibrary">
<arg>password</arg>
<arg>${password}</arg>
<doc>Types the given password into the text field identified by ``locator``.</doc>
<msg timestamp="20231117 15:13:26.796" level="INFO">Typing password into text field 'password'.</msg>
<msg timestamp="20231117 15:13:26.843" level="INFO">Temporally setting log level to: NONE</msg>
<msg timestamp="20231117 15:13:26.900" level="INFO">Log level changed from NONE to INFO.</msg>
<status status="PASS" starttime="20231117 15:13:26.796" endtime="20231117 15:13:26.900"/>
</kw>
<status status="PASS" starttime="20231117 15:13:26.796" endtime="20231117 15:13:26.900"/>
</kw>
<kw name="Set Password Confirmation">
<arg>jyrki123</arg>
<kw name="Input Password" library="SeleniumLibrary">
<arg>password_confirmation</arg>
<arg>${password_confirmation}</arg>
<doc>Types the given password into the text field identified by ``locator``.</doc>
<msg timestamp="20231117 15:13:26.900" level="INFO">Typing password into text field 'password_confirmation'.</msg>
<msg timestamp="20231117 15:13:26.941" level="INFO">Temporally setting log level to: NONE</msg>
<msg timestamp="20231117 15:13:26.990" level="INFO">Log level changed from NONE to INFO.</msg>
<status status="PASS" starttime="20231117 15:13:26.900" endtime="20231117 15:13:26.990"/>
</kw>
<status status="PASS" starttime="20231117 15:13:26.900" endtime="20231117 15:13:26.990"/>
</kw>
<kw name="Submit Credentials">
<kw name="Click Button" library="SeleniumLibrary">
<arg>Register</arg>
<doc>Clicks the button identified by ``locator``.</doc>
<msg timestamp="20231117 15:13:26.992" level="INFO">Clicking button 'Register'.</msg>
<status status="PASS" starttime="20231117 15:13:26.991" endtime="20231117 15:13:27.104"/>
</kw>
<status status="PASS" starttime="20231117 15:13:26.990" endtime="20231117 15:13:27.104"/>
</kw>
<kw name="Register Should Succeed">
<kw name="Welcome Page Should Be Open" library="resource">
<kw name="Title Should Be" library="SeleniumLibrary">
<arg>Welcome to Ohtu Application!</arg>
<doc>Verifies that the current page title equals ``title``.</doc>
<msg timestamp="20231117 15:13:27.111" level="INFO">Page title is 'Welcome to Ohtu Application!'.</msg>
<status status="PASS" starttime="20231117 15:13:27.105" endtime="20231117 15:13:27.111"/>
</kw>
<status status="PASS" starttime="20231117 15:13:27.105" endtime="20231117 15:13:27.112"/>
</kw>
<status status="PASS" starttime="20231117 15:13:27.105" endtime="20231117 15:13:27.112"/>
</kw>
<status status="PASS" starttime="20231117 15:13:26.473" endtime="20231117 15:13:27.112"/>
</test>
<test id="s1-s3-t2" name="Register With Too Short Username And Valid Password" line="15">
<kw name="Go To Register New User Page" type="SETUP">
<kw name="Go To Register Page" library="resource">
<kw name="Go To" library="SeleniumLibrary">
<arg>${REGISTER_URL}</arg>
<doc>Navigates the current browser window to the provided ``url``.</doc>
<msg timestamp="20231117 15:13:27.113" level="INFO">Opening url 'http://localhost:5001/register'</msg>
<status status="PASS" starttime="20231117 15:13:27.113" endtime="20231117 15:13:27.135"/>
</kw>
<status status="PASS" starttime="20231117 15:13:27.112" endtime="20231117 15:13:27.135"/>
</kw>
<kw name="Register Page Should Be Open" library="resource">
<kw name="Title Should Be" library="SeleniumLibrary">
<arg>Register</arg>
<doc>Verifies that the current page title equals ``title``.</doc>
<msg timestamp="20231117 15:13:27.140" level="INFO">Page title is 'Register'.</msg>
<status status="PASS" starttime="20231117 15:13:27.136" endtime="20231117 15:13:27.141"/>
</kw>
<status status="PASS" starttime="20231117 15:13:27.136" endtime="20231117 15:13:27.141"/>
</kw>
<status status="PASS" starttime="20231117 15:13:27.112" endtime="20231117 15:13:27.141"/>
</kw>
<kw name="Set Username">
<arg>j</arg>
<kw name="Input Text" library="SeleniumLibrary">
<arg>username</arg>
<arg>${username}</arg>
<doc>Types the given ``text`` into the text field identified by ``locator``.</doc>
<msg timestamp="20231117 15:13:27.141" level="INFO">Typing text 'j' into text field 'username'.</msg>
<status status="PASS" starttime="20231117 15:13:27.141" endtime="20231117 15:13:27.232"/>
</kw>
<status status="PASS" starttime="20231117 15:13:27.141" endtime="20231117 15:13:27.232"/>
</kw>
<kw name="Set Password">
<arg>jyrki123</arg>
<kw name="Input Password" library="SeleniumLibrary">
<arg>password</arg>
<arg>${password}</arg>
<doc>Types the given password into the text field identified by ``locator``.</doc>
<msg timestamp="20231117 15:13:27.233" level="INFO">Typing password into text field 'password'.</msg>
<msg timestamp="20231117 15:13:27.293" level="INFO">Temporally setting log level to: NONE</msg>
<msg timestamp="20231117 15:13:27.374" level="INFO">Log level changed from NONE to INFO.</msg>
<status status="PASS" starttime="20231117 15:13:27.233" endtime="20231117 15:13:27.374"/>
</kw>
<status status="PASS" starttime="20231117 15:13:27.232" endtime="20231117 15:13:27.374"/>
</kw>
<kw name="Set Password Confirmation">
<arg>jyrki123</arg>
<kw name="Input Password" library="SeleniumLibrary">
<arg>password_confirmation</arg>
<arg>${password_confirmation}</arg>
<doc>Types the given password into the text field identified by ``locator``.</doc>
<msg timestamp="20231117 15:13:27.375" level="INFO">Typing password into text field 'password_confirmation'.</msg>
<msg timestamp="20231117 15:13:27.414" level="INFO">Temporally setting log level to: NONE</msg>
<msg timestamp="20231117 15:13:27.485" level="INFO">Log level changed from NONE to INFO.</msg>
<status status="PASS" starttime="20231117 15:13:27.374" endtime="20231117 15:13:27.485"/>
</kw>
<status status="PASS" starttime="20231117 15:13:27.374" endtime="20231117 15:13:27.485"/>
</kw>
<kw name="Submit Credentials">
<kw name="Click Button" library="SeleniumLibrary">
<arg>Register</arg>
<doc>Clicks the button identified by ``locator``.</doc>
<msg timestamp="20231117 15:13:27.487" level="INFO">Clicking button 'Register'.</msg>
<status status="PASS" starttime="20231117 15:13:27.486" endtime="20231117 15:13:27.561"/>
</kw>
<status status="PASS" starttime="20231117 15:13:27.485" endtime="20231117 15:13:27.561"/>
</kw>
<kw name="Register Should Fail With Message">
<arg>Username should be at least 3 characters long and only contain letters a-z.</arg>
<kw name="Register Page Should Be Open" library="resource">
<kw name="Title Should Be" library="SeleniumLibrary">
<arg>Register</arg>
<doc>Verifies that the current page title equals ``title``.</doc>
<msg timestamp="20231117 15:13:27.568" level="INFO">Page title is 'Register'.</msg>
<status status="PASS" starttime="20231117 15:13:27.562" endtime="20231117 15:13:27.568"/>
</kw>
<status status="PASS" starttime="20231117 15:13:27.562" endtime="20231117 15:13:27.568"/>
</kw>
<kw name="Page Should Contain" library="SeleniumLibrary">
<arg>${message}</arg>
<doc>Verifies that current page contains ``text``.</doc>
<msg timestamp="20231117 15:13:27.586" level="INFO">Current page contains text 'Username should be at least 3 characters long and only contain letters a-z.'.</msg>
<status status="PASS" starttime="20231117 15:13:27.568" endtime="20231117 15:13:27.586"/>
</kw>
<status status="PASS" starttime="20231117 15:13:27.561" endtime="20231117 15:13:27.586"/>
</kw>
<status status="PASS" starttime="20231117 15:13:27.112" endtime="20231117 15:13:27.587"/>
</test>
<test id="s1-s3-t3" name="Register With Valid Username And Invalid Password" line="22">
<kw name="Go To Register New User Page" type="SETUP">
<kw name="Go To Register Page" library="resource">
<kw name="Go To" library="SeleniumLibrary">
<arg>${REGISTER_URL}</arg>
<doc>Navigates the current browser window to the provided ``url``.</doc>
<msg timestamp="20231117 15:13:27.588" level="INFO">Opening url 'http://localhost:5001/register'</msg>
<status status="PASS" starttime="20231117 15:13:27.588" endtime="20231117 15:13:27.598"/>
</kw>
<status status="PASS" starttime="20231117 15:13:27.588" endtime="20231117 15:13:27.598"/>
</kw>
<kw name="Register Page Should Be Open" library="resource">
<kw name="Title Should Be" library="SeleniumLibrary">
<arg>Register</arg>
<doc>Verifies that the current page title equals ``title``.</doc>
<msg timestamp="20231117 15:13:27.606" level="INFO">Page title is 'Register'.</msg>
<status status="PASS" starttime="20231117 15:13:27.598" endtime="20231117 15:13:27.606"/>
</kw>
<status status="PASS" starttime="20231117 15:13:27.598" endtime="20231117 15:13:27.606"/>
</kw>
<status status="PASS" starttime="20231117 15:13:27.588" endtime="20231117 15:13:27.606"/>
</kw>
<kw name="Set Username">
<arg>jyrki</arg>
<kw name="Input Text" library="SeleniumLibrary">
<arg>username</arg>
<arg>${username}</arg>
<doc>Types the given ``text`` into the text field identified by ``locator``.</doc>
<msg timestamp="20231117 15:13:27.608" level="INFO">Typing text 'jyrki' into text field 'username'.</msg>
<status status="PASS" starttime="20231117 15:13:27.608" endtime="20231117 15:13:27.770"/>
</kw>
<status status="PASS" starttime="20231117 15:13:27.608" endtime="20231117 15:13:27.770"/>
</kw>
<kw name="Set Password">
<arg>jyrkijyrki</arg>
<kw name="Input Password" library="SeleniumLibrary">
<arg>password</arg>
<arg>${password}</arg>
<doc>Types the given password into the text field identified by ``locator``.</doc>
<msg timestamp="20231117 15:13:27.771" level="INFO">Typing password into text field 'password'.</msg>
<msg timestamp="20231117 15:13:27.825" level="INFO">Temporally setting log level to: NONE</msg>
<msg timestamp="20231117 15:13:27.873" level="INFO">Log level changed from NONE to INFO.</msg>
<status status="PASS" starttime="20231117 15:13:27.771" endtime="20231117 15:13:27.873"/>
</kw>
<status status="PASS" starttime="20231117 15:13:27.770" endtime="20231117 15:13:27.873"/>
</kw>
<kw name="Set Password Confirmation">
<arg>jyrkijyrki</arg>
<kw name="Input Password" library="SeleniumLibrary">
<arg>password_confirmation</arg>
<arg>${password_confirmation}</arg>
<doc>Types the given password into the text field identified by ``locator``.</doc>
<msg timestamp="20231117 15:13:27.874" level="INFO">Typing password into text field 'password_confirmation'.</msg>
<msg timestamp="20231117 15:13:27.910" level="INFO">Temporally setting log level to: NONE</msg>
<msg timestamp="20231117 15:13:27.981" level="INFO">Log level changed from NONE to INFO.</msg>
<status status="PASS" starttime="20231117 15:13:27.874" endtime="20231117 15:13:27.981"/>
</kw>
<status status="PASS" starttime="20231117 15:13:27.873" endtime="20231117 15:13:27.981"/>
</kw>
<kw name="Submit Credentials">
<kw name="Click Button" library="SeleniumLibrary">
<arg>Register</arg>
<doc>Clicks the button identified by ``locator``.</doc>
<msg timestamp="20231117 15:13:27.982" level="INFO">Clicking button 'Register'.</msg>
<status status="PASS" starttime="20231117 15:13:27.981" endtime="20231117 15:13:28.062"/>
</kw>
<status status="PASS" starttime="20231117 15:13:27.981" endtime="20231117 15:13:28.062"/>
</kw>
<kw name="Register Should Fail With Message">
<arg>Password should be at least 8 characters long and contain special symbols and/or numbers.</arg>
<kw name="Register Page Should Be Open" library="resource">
<kw name="Title Should Be" library="SeleniumLibrary">
<arg>Register</arg>
<doc>Verifies that the current page title equals ``title``.</doc>
<msg timestamp="20231117 15:13:28.068" level="INFO">Page title is 'Register'.</msg>
<status status="PASS" starttime="20231117 15:13:28.063" endtime="20231117 15:13:28.068"/>
</kw>
<status status="PASS" starttime="20231117 15:13:28.063" endtime="20231117 15:13:28.068"/>
</kw>
<kw name="Page Should Contain" library="SeleniumLibrary">
<arg>${message}</arg>
<doc>Verifies that current page contains ``text``.</doc>
<msg timestamp="20231117 15:13:28.087" level="INFO">Current page contains text 'Password should be at least 8 characters long and contain special symbols and/or numbers.'.</msg>
<status status="PASS" starttime="20231117 15:13:28.068" endtime="20231117 15:13:28.087"/>
</kw>
<status status="PASS" starttime="20231117 15:13:28.063" endtime="20231117 15:13:28.087"/>
</kw>
<status status="PASS" starttime="20231117 15:13:27.587" endtime="20231117 15:13:28.087"/>
</test>
<test id="s1-s3-t4" name="Register With Nonmatching Password And Password Confirmation" line="29">
<kw name="Go To Register New User Page" type="SETUP">
<kw name="Go To Register Page" library="resource">
<kw name="Go To" library="SeleniumLibrary">
<arg>${REGISTER_URL}</arg>
<doc>Navigates the current browser window to the provided ``url``.</doc>
<msg timestamp="20231117 15:13:28.088" level="INFO">Opening url 'http://localhost:5001/register'</msg>
<status status="PASS" starttime="20231117 15:13:28.088" endtime="20231117 15:13:28.104"/>
</kw>
<status status="PASS" starttime="20231117 15:13:28.088" endtime="20231117 15:13:28.104"/>
</kw>
<kw name="Register Page Should Be Open" library="resource">
<kw name="Title Should Be" library="SeleniumLibrary">
<arg>Register</arg>
<doc>Verifies that the current page title equals ``title``.</doc>
<msg timestamp="20231117 15:13:28.113" level="INFO">Page title is 'Register'.</msg>
<status status="PASS" starttime="20231117 15:13:28.105" endtime="20231117 15:13:28.113"/>
</kw>
<status status="PASS" starttime="20231117 15:13:28.104" endtime="20231117 15:13:28.113"/>
</kw>
<status status="PASS" starttime="20231117 15:13:28.088" endtime="20231117 15:13:28.113"/>
</kw>
<kw name="Set Username">
<arg>jyrki</arg>
<kw name="Input Text" library="SeleniumLibrary">
<arg>username</arg>
<arg>${username}</arg>
<doc>Types the given ``text`` into the text field identified by ``locator``.</doc>
<msg timestamp="20231117 15:13:28.114" level="INFO">Typing text 'jyrki' into text field 'username'.</msg>
<status status="PASS" starttime="20231117 15:13:28.114" endtime="20231117 15:13:28.206"/>
</kw>
<status status="PASS" starttime="20231117 15:13:28.113" endtime="20231117 15:13:28.206"/>
</kw>
<kw name="Set Password">
<arg>jyrkijyrki</arg>
<kw name="Input Password" library="SeleniumLibrary">
<arg>password</arg>
<arg>${password}</arg>
<doc>Types the given password into the text field identified by ``locator``.</doc>
<msg timestamp="20231117 15:13:28.207" level="INFO">Typing password into text field 'password'.</msg>
<msg timestamp="20231117 15:13:28.251" level="INFO">Temporally setting log level to: NONE</msg>
<msg timestamp="20231117 15:13:28.318" level="INFO">Log level changed from NONE to INFO.</msg>
<status status="PASS" starttime="20231117 15:13:28.207" endtime="20231117 15:13:28.318"/>
</kw>
<status status="PASS" starttime="20231117 15:13:28.206" endtime="20231117 15:13:28.318"/>
</kw>
<kw name="Set Password Confirmation">
<arg>jyrkikalle</arg>
<kw name="Input Password" library="SeleniumLibrary">
<arg>password_confirmation</arg>
<arg>${password_confirmation}</arg>
<doc>Types the given password into the text field identified by ``locator``.</doc>
<msg timestamp="20231117 15:13:28.319" level="INFO">Typing password into text field 'password_confirmation'.</msg>
<msg timestamp="20231117 15:13:28.364" level="INFO">Temporally setting log level to: NONE</msg>
<msg timestamp="20231117 15:13:28.433" level="INFO">Log level changed from NONE to INFO.</msg>
<status status="PASS" starttime="20231117 15:13:28.319" endtime="20231117 15:13:28.433"/>
</kw>
<status status="PASS" starttime="20231117 15:13:28.318" endtime="20231117 15:13:28.433"/>
</kw>
<kw name="Submit Credentials">
<kw name="Click Button" library="SeleniumLibrary">
<arg>Register</arg>
<doc>Clicks the button identified by ``locator``.</doc>
<msg timestamp="20231117 15:13:28.434" level="INFO">Clicking button 'Register'.</msg>
<status status="PASS" starttime="20231117 15:13:28.434" endtime="20231117 15:13:28.511"/>
</kw>
<status status="PASS" starttime="20231117 15:13:28.434" endtime="20231117 15:13:28.511"/>
</kw>
<kw name="Register Should Fail With Message">
<arg>Passwords do not match.</arg>
<kw name="Register Page Should Be Open" library="resource">
<kw name="Title Should Be" library="SeleniumLibrary">
<arg>Register</arg>
<doc>Verifies that the current page title equals ``title``.</doc>
<msg timestamp="20231117 15:13:28.517" level="INFO">Page title is 'Register'.</msg>
<status status="PASS" starttime="20231117 15:13:28.512" endtime="20231117 15:13:28.517"/>
</kw>
<status status="PASS" starttime="20231117 15:13:28.512" endtime="20231117 15:13:28.517"/>
</kw>
<kw name="Page Should Contain" library="SeleniumLibrary">
<arg>${message}</arg>
<doc>Verifies that current page contains ``text``.</doc>
<msg timestamp="20231117 15:13:28.531" level="INFO">Current page contains text 'Passwords do not match.'.</msg>
<status status="PASS" starttime="20231117 15:13:28.517" endtime="20231117 15:13:28.531"/>
</kw>
<status status="PASS" starttime="20231117 15:13:28.511" endtime="20231117 15:13:28.531"/>
</kw>
<status status="PASS" starttime="20231117 15:13:28.088" endtime="20231117 15:13:28.531"/>
</test>
<test id="s1-s3-t5" name="Login After Successful Registration" line="36">
<kw name="Go To Register New User Page" type="SETUP">
<kw name="Go To Register Page" library="resource">
<kw name="Go To" library="SeleniumLibrary">
<arg>${REGISTER_URL}</arg>
<doc>Navigates the current browser window to the provided ``url``.</doc>
<msg timestamp="20231117 15:13:28.534" level="INFO">Opening url 'http://localhost:5001/register'</msg>
<status status="PASS" starttime="20231117 15:13:28.533" endtime="20231117 15:13:28.548"/>
</kw>
<status status="PASS" starttime="20231117 15:13:28.533" endtime="20231117 15:13:28.548"/>
</kw>
<kw name="Register Page Should Be Open" library="resource">
<kw name="Title Should Be" library="SeleniumLibrary">
<arg>Register</arg>
<doc>Verifies that the current page title equals ``title``.</doc>
<msg timestamp="20231117 15:13:28.553" level="INFO">Page title is 'Register'.</msg>
<status status="PASS" starttime="20231117 15:13:28.548" endtime="20231117 15:13:28.553"/>
</kw>
<status status="PASS" starttime="20231117 15:13:28.548" endtime="20231117 15:13:28.554"/>
</kw>
<status status="PASS" starttime="20231117 15:13:28.533" endtime="20231117 15:13:28.554"/>
</kw>
<kw name="Set Username">
<arg>matias</arg>
<kw name="Input Text" library="SeleniumLibrary">
<arg>username</arg>
<arg>${username}</arg>
<doc>Types the given ``text`` into the text field identified by ``locator``.</doc>
<msg timestamp="20231117 15:13:28.554" level="INFO">Typing text 'matias' into text field 'username'.</msg>
<status status="PASS" starttime="20231117 15:13:28.554" endtime="20231117 15:13:28.648"/>
</kw>
<status status="PASS" starttime="20231117 15:13:28.554" endtime="20231117 15:13:28.648"/>
</kw>
<kw name="Set Password">
<arg>matias123</arg>
<kw name="Input Password" library="SeleniumLibrary">
<arg>password</arg>
<arg>${password}</arg>
<doc>Types the given password into the text field identified by ``locator``.</doc>
<msg timestamp="20231117 15:13:28.648" level="INFO">Typing password into text field 'password'.</msg>
<msg timestamp="20231117 15:13:28.685" level="INFO">Temporally setting log level to: NONE</msg>
<msg timestamp="20231117 15:13:28.725" level="INFO">Log level changed from NONE to INFO.</msg>
<status status="PASS" starttime="20231117 15:13:28.648" endtime="20231117 15:13:28.725"/>
</kw>
<status status="PASS" starttime="20231117 15:13:28.648" endtime="20231117 15:13:28.725"/>
</kw>
<kw name="Set Password Confirmation">
<arg>matias123</arg>
<kw name="Input Password" library="SeleniumLibrary">
<arg>password_confirmation</arg>
<arg>${password_confirmation}</arg>
<doc>Types the given password into the text field identified by ``locator``.</doc>
<msg timestamp="20231117 15:13:28.726" level="INFO">Typing password into text field 'password_confirmation'.</msg>
<msg timestamp="20231117 15:13:28.753" level="INFO">Temporally setting log level to: NONE</msg>
<msg timestamp="20231117 15:13:28.811" level="INFO">Log level changed from NONE to INFO.</msg>
<status status="PASS" starttime="20231117 15:13:28.725" endtime="20231117 15:13:28.811"/>
</kw>
<status status="PASS" starttime="20231117 15:13:28.725" endtime="20231117 15:13:28.811"/>
</kw>
<kw name="Submit Credentials">
<kw name="Click Button" library="SeleniumLibrary">
<arg>Register</arg>
<doc>Clicks the button identified by ``locator``.</doc>
<msg timestamp="20231117 15:13:28.812" level="INFO">Clicking button 'Register'.</msg>
<status status="PASS" starttime="20231117 15:13:28.812" endtime="20231117 15:13:28.870"/>
</kw>
<status status="PASS" starttime="20231117 15:13:28.811" endtime="20231117 15:13:28.871"/>
</kw>
<kw name="Register Should Succeed">
<kw name="Welcome Page Should Be Open" library="resource">
<kw name="Title Should Be" library="SeleniumLibrary">
<arg>Welcome to Ohtu Application!</arg>
<doc>Verifies that the current page title equals ``title``.</doc>
<msg timestamp="20231117 15:13:28.877" level="INFO">Page title is 'Welcome to Ohtu Application!'.</msg>
<status status="PASS" starttime="20231117 15:13:28.871" endtime="20231117 15:13:28.877"/>
</kw>
<status status="PASS" starttime="20231117 15:13:28.871" endtime="20231117 15:13:28.877"/>
</kw>
<status status="PASS" starttime="20231117 15:13:28.871" endtime="20231117 15:13:28.877"/>
</kw>
<kw name="Open Main Page">
<kw name="Click Link" library="SeleniumLibrary">
<arg>Continue to main page</arg>
<doc>Clicks a link identified by ``locator``.</doc>
<msg timestamp="20231117 15:13:28.878" level="INFO">Clicking link 'Continue to main page'.</msg>
<status status="PASS" starttime="20231117 15:13:28.878" endtime="20231117 15:13:28.943"/>
</kw>
<status status="PASS" starttime="20231117 15:13:28.878" endtime="20231117 15:13:28.943"/>
</kw>
<kw name="Log Out">
<kw name="Click Button" library="SeleniumLibrary">
<arg>Logout</arg>
<doc>Clicks the button identified by ``locator``.</doc>
<msg timestamp="20231117 15:13:28.944" level="INFO">Clicking button 'Logout'.</msg>
<status status="PASS" starttime="20231117 15:13:28.943" endtime="20231117 15:13:29.020"/>
</kw>
<status status="PASS" starttime="20231117 15:13:28.943" endtime="20231117 15:13:29.020"/>
</kw>
<kw name="Go To Login Page" library="resource">
<kw name="Go To" library="SeleniumLibrary">
<arg>${LOGIN_URL}</arg>
<doc>Navigates the current browser window to the provided ``url``.</doc>
<msg timestamp="20231117 15:13:29.021" level="INFO">Opening url 'http://localhost:5001/login'</msg>
<status status="PASS" starttime="20231117 15:13:29.020" endtime="20231117 15:13:29.033"/>
</kw>
<status status="PASS" starttime="20231117 15:13:29.020" endtime="20231117 15:13:29.033"/>
</kw>
<kw name="Set Username">
<arg>matias</arg>
<kw name="Input Text" library="SeleniumLibrary">
<arg>username</arg>
<arg>${username}</arg>
<doc>Types the given ``text`` into the text field identified by ``locator``.</doc>
<msg timestamp="20231117 15:13:29.037" level="INFO">Typing text 'matias' into text field 'username'.</msg>
<status status="PASS" starttime="20231117 15:13:29.037" endtime="20231117 15:13:29.131"/>
</kw>
<status status="PASS" starttime="20231117 15:13:29.037" endtime="20231117 15:13:29.131"/>
</kw>
<kw name="Set Password">
<arg>matias123</arg>
<kw name="Input Password" library="SeleniumLibrary">
<arg>password</arg>
<arg>${password}</arg>
<doc>Types the given password into the text field identified by ``locator``.</doc>
<msg timestamp="20231117 15:13:29.132" level="INFO">Typing password into text field 'password'.</msg>
<msg timestamp="20231117 15:13:29.163" level="INFO">Temporally setting log level to: NONE</msg>
<msg timestamp="20231117 15:13:29.211" level="INFO">Log level changed from NONE to INFO.</msg>
<status status="PASS" starttime="20231117 15:13:29.131" endtime="20231117 15:13:29.211"/>
</kw>
<status status="PASS" starttime="20231117 15:13:29.131" endtime="20231117 15:13:29.212"/>
</kw>
<kw name="Submit Login Credentials">
<kw name="Click Button" library="SeleniumLibrary">
<arg>Login</arg>
<doc>Clicks the button identified by ``locator``.</doc>
<msg timestamp="20231117 15:13:29.212" level="INFO">Clicking button 'Login'.</msg>
<status status="PASS" starttime="20231117 15:13:29.212" endtime="20231117 15:13:29.290"/>
</kw>
<status status="PASS" starttime="20231117 15:13:29.212" endtime="20231117 15:13:29.291"/>
</kw>
<kw name="Login Should Succeed">
<kw name="Main Page Should Be Open" library="resource">
<kw name="Title Should Be" library="SeleniumLibrary">
<arg>Ohtu Application main page</arg>
<doc>Verifies that the current page title equals ``title``.</doc>
<msg timestamp="20231117 15:13:29.295" level="INFO">Page title is 'Ohtu Application main page'.</msg>
<status status="PASS" starttime="20231117 15:13:29.291" endtime="20231117 15:13:29.295"/>
</kw>
<status status="PASS" starttime="20231117 15:13:29.291" endtime="20231117 15:13:29.295"/>
</kw>
<status status="PASS" starttime="20231117 15:13:29.291" endtime="20231117 15:13:29.295"/>
</kw>
<status status="PASS" starttime="20231117 15:13:28.533" endtime="20231117 15:13:29.296"/>
</test>
<test id="s1-s3-t6" name="Login After Failed Registration" line="50">
<kw name="Go To Register New User Page" type="SETUP">
<kw name="Go To Register Page" library="resource">
<kw name="Go To" library="SeleniumLibrary">
<arg>${REGISTER_URL}</arg>
<doc>Navigates the current browser window to the provided ``url``.</doc>
<msg timestamp="20231117 15:13:29.297" level="INFO">Opening url 'http://localhost:5001/register'</msg>
<status status="PASS" starttime="20231117 15:13:29.296" endtime="20231117 15:13:29.329"/>
</kw>
<status status="PASS" starttime="20231117 15:13:29.296" endtime="20231117 15:13:29.329"/>
</kw>
<kw name="Register Page Should Be Open" library="resource">
<kw name="Title Should Be" library="SeleniumLibrary">
<arg>Register</arg>
<doc>Verifies that the current page title equals ``title``.</doc>
<msg timestamp="20231117 15:13:29.341" level="INFO">Page title is 'Register'.</msg>
<status status="PASS" starttime="20231117 15:13:29.329" endtime="20231117 15:13:29.341"/>
</kw>
<status status="PASS" starttime="20231117 15:13:29.329" endtime="20231117 15:13:29.341"/>
</kw>
<status status="PASS" starttime="20231117 15:13:29.296" endtime="20231117 15:13:29.341"/>
</kw>
<kw name="Set Username">
<arg>matias</arg>
<kw name="Input Text" library="SeleniumLibrary">
<arg>username</arg>
<arg>${username}</arg>
<doc>Types the given ``text`` into the text field identified by ``locator``.</doc>
<msg timestamp="20231117 15:13:29.342" level="INFO">Typing text 'matias' into text field 'username'.</msg>
<status status="PASS" starttime="20231117 15:13:29.342" endtime="20231117 15:13:29.429"/>
</kw>
<status status="PASS" starttime="20231117 15:13:29.341" endtime="20231117 15:13:29.429"/>
</kw>
<kw name="Set Password">
<arg>matias</arg>
<kw name="Input Password" library="SeleniumLibrary">
<arg>password</arg>
<arg>${password}</arg>
<doc>Types the given password into the text field identified by ``locator``.</doc>
<msg timestamp="20231117 15:13:29.430" level="INFO">Typing password into text field 'password'.</msg>
<msg timestamp="20231117 15:13:29.469" level="INFO">Temporally setting log level to: NONE</msg>
<msg timestamp="20231117 15:13:29.516" level="INFO">Log level changed from NONE to INFO.</msg>
<status status="PASS" starttime="20231117 15:13:29.430" endtime="20231117 15:13:29.516"/>
</kw>
<status status="PASS" starttime="20231117 15:13:29.429" endtime="20231117 15:13:29.516"/>
</kw>
<kw name="Set Password Confirmation">
<arg>matias</arg>
<kw name="Input Password" library="SeleniumLibrary">
<arg>password_confirmation</arg>
<arg>${password_confirmation}</arg>
<doc>Types the given password into the text field identified by ``locator``.</doc>
<msg timestamp="20231117 15:13:29.517" level="INFO">Typing password into text field 'password_confirmation'.</msg>
<msg timestamp="20231117 15:13:29.549" level="INFO">Temporally setting log level to: NONE</msg>
<msg timestamp="20231117 15:13:29.590" level="INFO">Log level changed from NONE to INFO.</msg>
<status status="PASS" starttime="20231117 15:13:29.516" endtime="20231117 15:13:29.590"/>
</kw>
<status status="PASS" starttime="20231117 15:13:29.516" endtime="20231117 15:13:29.590"/>
</kw>
<kw name="Submit Credentials">
<kw name="Click Button" library="SeleniumLibrary">
<arg>Register</arg>
<doc>Clicks the button identified by ``locator``.</doc>
<msg timestamp="20231117 15:13:29.591" level="INFO">Clicking button 'Register'.</msg>
<status status="PASS" starttime="20231117 15:13:29.591" endtime="20231117 15:13:29.665"/>
</kw>
<status status="PASS" starttime="20231117 15:13:29.591" endtime="20231117 15:13:29.665"/>
</kw>
<kw name="Register Should Fail With Message">
<arg>Password should be at least 8 characters long and contain special symbols and/or numbers.</arg>
<kw name="Register Page Should Be Open" library="resource">
<kw name="Title Should Be" library="SeleniumLibrary">
<arg>Register</arg>
<doc>Verifies that the current page title equals ``title``.</doc>
<msg timestamp="20231117 15:13:29.671" level="INFO">Page title is 'Register'.</msg>
<status status="PASS" starttime="20231117 15:13:29.666" endtime="20231117 15:13:29.671"/>
</kw>
<status status="PASS" starttime="20231117 15:13:29.665" endtime="20231117 15:13:29.671"/>
</kw>
<kw name="Page Should Contain" library="SeleniumLibrary">
<arg>${message}</arg>
<doc>Verifies that current page contains ``text``.</doc>
<msg timestamp="20231117 15:13:29.687" level="INFO">Current page contains text 'Password should be at least 8 characters long and contain special symbols and/or numbers.'.</msg>
<status status="PASS" starttime="20231117 15:13:29.671" endtime="20231117 15:13:29.688"/>
</kw>
<status status="PASS" starttime="20231117 15:13:29.665" endtime="20231117 15:13:29.688"/>
</kw>
<kw name="Go To Login Page" library="resource">
<kw name="Go To" library="SeleniumLibrary">
<arg>${LOGIN_URL}</arg>
<doc>Navigates the current browser window to the provided ``url``.</doc>
<msg timestamp="20231117 15:13:29.688" level="INFO">Opening url 'http://localhost:5001/login'</msg>
<status status="PASS" starttime="20231117 15:13:29.688" endtime="20231117 15:13:29.703"/>
</kw>
<status status="PASS" starttime="20231117 15:13:29.688" endtime="20231117 15:13:29.703"/>
</kw>
<kw name="Set Username">
<arg>matias</arg>
<kw name="Input Text" library="SeleniumLibrary">
<arg>username</arg>
<arg>${username}</arg>
<doc>Types the given ``text`` into the text field identified by ``locator``.</doc>
<msg timestamp="20231117 15:13:29.704" level="INFO">Typing text 'matias' into text field 'username'.</msg>
<status status="PASS" starttime="20231117 15:13:29.704" endtime="20231117 15:13:29.802"/>
</kw>
<status status="PASS" starttime="20231117 15:13:29.703" endtime="20231117 15:13:29.802"/>
</kw>
<kw name="Set Password">
<arg>matias</arg>
<kw name="Input Password" library="SeleniumLibrary">
<arg>password</arg>
<arg>${password}</arg>
<doc>Types the given password into the text field identified by ``locator``.</doc>
<msg timestamp="20231117 15:13:29.803" level="INFO">Typing password into text field 'password'.</msg>
<msg timestamp="20231117 15:13:29.856" level="INFO">Temporally setting log level to: NONE</msg>
<msg timestamp="20231117 15:13:29.920" level="INFO">Log level changed from NONE to INFO.</msg>
<status status="PASS" starttime="20231117 15:13:29.803" endtime="20231117 15:13:29.920"/>
</kw>
<status status="PASS" starttime="20231117 15:13:29.802" endtime="20231117 15:13:29.920"/>
</kw>
<kw name="Submit Login Credentials">
<kw name="Click Button" library="SeleniumLibrary">
<arg>Login</arg>
<doc>Clicks the button identified by ``locator``.</doc>
<msg timestamp="20231117 15:13:29.921" level="INFO">Clicking button 'Login'.</msg>
<status status="PASS" starttime="20231117 15:13:29.921" endtime="20231117 15:13:29.994"/>
</kw>
<status status="PASS" starttime="20231117 15:13:29.921" endtime="20231117 15:13:29.994"/>
</kw>
<kw name="Login Should Fail With Message">
<arg>Invalid username or password</arg>
<kw name="Login Page Should Be Open" library="resource">
<kw name="Title Should Be" library="SeleniumLibrary">
<arg>Login</arg>
<doc>Verifies that the current page title equals ``title``.</doc>
<msg timestamp="20231117 15:13:30.000" level="INFO">Page title is 'Login'.</msg>
<status status="PASS" starttime="20231117 15:13:29.995" endtime="20231117 15:13:30.000"/>
</kw>
<status status="PASS" starttime="20231117 15:13:29.995" endtime="20231117 15:13:30.000"/>
</kw>
<kw name="Page Should Contain" library="SeleniumLibrary">
<arg>${message}</arg>
<doc>Verifies that current page contains ``text``.</doc>
<msg timestamp="20231117 15:13:30.015" level="INFO">Current page contains text 'Invalid username or password'.</msg>
<status status="PASS" starttime="20231117 15:13:30.000" endtime="20231117 15:13:30.015"/>
</kw>
<status status="PASS" starttime="20231117 15:13:29.994" endtime="20231117 15:13:30.015"/>
</kw>
<status status="PASS" starttime="20231117 15:13:29.296" endtime="20231117 15:13:30.015"/>
</test>
<kw name="Close Browser" library="SeleniumLibrary" type="TEARDOWN">
<doc>Closes the current browser.</doc>
<status status="PASS" starttime="20231117 15:13:30.016" endtime="20231117 15:13:30.078"/>
</kw>
<status status="PASS" starttime="20231117 15:13:25.527" endtime="20231117 15:13:30.078"/>
</suite>
<status status="PASS" starttime="20231117 15:13:19.296" endtime="20231117 15:13:30.079"/>
</suite>
<statistics>
<total>
<stat pass="11" fail="0" skip="0">All Tests</stat>
</total>
<tag>
</tag>
<suite>
<stat pass="11" fail="0" skip="0" id="s1" name="Tests">Tests</stat>
<stat pass="2" fail="0" skip="0" id="s1-s1" name="Home">Tests.Home</stat>
<stat pass="3" fail="0" skip="0" id="s1-s2" name="Login">Tests.Login</stat>
<stat pass="6" fail="0" skip="0" id="s1-s3" name="Register">Tests.Register</stat>
</suite>
</statistics>
<errors>
</errors>
</robot>
