<?xml version="1.0" encoding="UTF-8"?>
<robot generator="Robot 6.1.1 (Python 3.10.12 on linux)" generated="20231117 13:16:45.422" rpa="false" schemaversion="4">
<suite id="s1" name="Tests" source="/home/joona/Desktop/palautusrepositorio/viikko3/login-robot/src/tests">
<suite id="s1-s1" name="Login" source="/home/joona/Desktop/palautusrepositorio/viikko3/login-robot/src/tests/login.robot">
<test id="s1-s1-t1" name="Login With Correct Credentials" line="6">
<kw name="Create User And Input Login Command" type="SETUP">
<kw name="Create User" library="AppLibrary">
<arg>kallematias</arg>
<arg>kallematias123</arg>
<status status="PASS" starttime="20231117 13:16:45.435" endtime="20231117 13:16:45.435"/>
</kw>
<kw name="Input Login Command" library="resource">
<kw name="Input" library="AppLibrary">
<arg>login</arg>
<status status="PASS" starttime="20231117 13:16:45.436" endtime="20231117 13:16:45.436"/>
</kw>
<status status="PASS" starttime="20231117 13:16:45.436" endtime="20231117 13:16:45.436"/>
</kw>
<status status="PASS" starttime="20231117 13:16:45.435" endtime="20231117 13:16:45.436"/>
</kw>
<kw name="Input Credentials" library="resource">
<arg>kallematias</arg>
<arg>kallematias123</arg>
<kw name="Input" library="AppLibrary">
<arg>${username}</arg>
<status status="PASS" starttime="20231117 13:16:45.436" endtime="20231117 13:16:45.436"/>
</kw>
<kw name="Input" library="AppLibrary">
<arg>${password}</arg>
<status status="PASS" starttime="20231117 13:16:45.436" endtime="20231117 13:16:45.436"/>
</kw>
<kw name="Run Application" library="AppLibrary">
<status status="PASS" starttime="20231117 13:16:45.436" endtime="20231117 13:16:45.436"/>
</kw>
<status status="PASS" starttime="20231117 13:16:45.436" endtime="20231117 13:16:45.436"/>
</kw>
<kw name="Output Should Contain" library="AppLibrary">
<arg>Logged in</arg>
<status status="PASS" starttime="20231117 13:16:45.436" endtime="20231117 13:16:45.436"/>
</kw>
<status status="PASS" starttime="20231117 13:16:45.435" endtime="20231117 13:16:45.437"/>
</test>
<test id="s1-s1-t2" name="Login With Incorrect Password" line="10">
<kw name="Create User And Input Login Command" type="SETUP">
<kw name="Create User" library="AppLibrary">
<arg>kallematias</arg>
<arg>kallematias123</arg>
<status status="PASS" starttime="20231117 13:16:45.437" endtime="20231117 13:16:45.437"/>
</kw>
<kw name="Input Login Command" library="resource">
<kw name="Input" library="AppLibrary">
<arg>login</arg>
<status status="PASS" starttime="20231117 13:16:45.437" endtime="20231117 13:16:45.437"/>
</kw>
<status status="PASS" starttime="20231117 13:16:45.437" endtime="20231117 13:16:45.437"/>
</kw>
<status status="PASS" starttime="20231117 13:16:45.437" endtime="20231117 13:16:45.437"/>
</kw>
<kw name="Input Credentials" library="resource">
<arg>kallematias</arg>
<arg>123</arg>
<kw name="Input" library="AppLibrary">
<arg>${username}</arg>
<status status="PASS" starttime="20231117 13:16:45.437" endtime="20231117 13:16:45.437"/>
</kw>
<kw name="Input" library="AppLibrary">
<arg>${password}</arg>
<status status="PASS" starttime="20231117 13:16:45.437" endtime="20231117 13:16:45.438"/>
</kw>
<kw name="Run Application" library="AppLibrary">
<status status="PASS" starttime="20231117 13:16:45.438" endtime="20231117 13:16:45.438"/>
</kw>
<status status="PASS" starttime="20231117 13:16:45.437" endtime="20231117 13:16:45.438"/>
</kw>
<kw name="Output Should Contain" library="AppLibrary">
<arg>Invalid username or password</arg>
<status status="PASS" starttime="20231117 13:16:45.438" endtime="20231117 13:16:45.438"/>
</kw>
<status status="PASS" starttime="20231117 13:16:45.437" endtime="20231117 13:16:45.438"/>
</test>
<test id="s1-s1-t3" name="Login With Nonexistent Username" line="14">
<kw name="Create User And Input Login Command" type="SETUP">
<kw name="Create User" library="AppLibrary">
<arg>kallematias</arg>
<arg>kallematias123</arg>
<status status="PASS" starttime="20231117 13:16:45.438" endtime="20231117 13:16:45.438"/>
</kw>
<kw name="Input Login Command" library="resource">
<kw name="Input" library="AppLibrary">
<arg>login</arg>
<status status="PASS" starttime="20231117 13:16:45.438" endtime="20231117 13:16:45.438"/>
</kw>
<status status="PASS" starttime="20231117 13:16:45.438" endtime="20231117 13:16:45.438"/>
</kw>
<status status="PASS" starttime="20231117 13:16:45.438" endtime="20231117 13:16:45.438"/>
</kw>
<kw name="Input Credentials" library="resource">
<arg>jyrki</arg>
<arg>kallematias123</arg>
<kw name="Input" library="AppLibrary">
<arg>${username}</arg>
<status status="PASS" starttime="20231117 13:16:45.439" endtime="20231117 13:16:45.439"/>
</kw>
<kw name="Input" library="AppLibrary">
<arg>${password}</arg>
<status status="PASS" starttime="20231117 13:16:45.439" endtime="20231117 13:16:45.439"/>
</kw>
<kw name="Run Application" library="AppLibrary">
<status status="PASS" starttime="20231117 13:16:45.439" endtime="20231117 13:16:45.439"/>
</kw>
<status status="PASS" starttime="20231117 13:16:45.438" endtime="20231117 13:16:45.439"/>
</kw>
<kw name="Output Should Contain" library="AppLibrary">
<arg>Invalid username or password</arg>
<status status="PASS" starttime="20231117 13:16:45.439" endtime="20231117 13:16:45.439"/>
</kw>
<status status="PASS" starttime="20231117 13:16:45.438" endtime="20231117 13:16:45.439"/>
</test>
<status status="PASS" starttime="20231117 13:16:45.432" endtime="20231117 13:16:45.439"/>
</suite>
<suite id="s1-s2" name="Register" source="/home/joona/Desktop/palautusrepositorio/viikko3/login-robot/src/tests/register.robot">
<test id="s1-s2-t1" name="Register With Valid Username And Password" line="6">
<kw name="Create User Command" type="SETUP">
<kw name="Input New Command" library="resource">
<kw name="Input" library="AppLibrary">
<arg>new</arg>
<status status="PASS" starttime="20231117 13:16:45.441" endtime="20231117 13:16:45.441"/>
</kw>
<status status="PASS" starttime="20231117 13:16:45.441" endtime="20231117 13:16:45.441"/>
</kw>
<kw name="Input Credentials" library="resource">
<arg>jyrkiollila</arg>
<arg>jyrkiollila123</arg>
<kw name="Input" library="AppLibrary">
<arg>${username}</arg>
<status status="PASS" starttime="20231117 13:16:45.441" endtime="20231117 13:16:45.441"/>
</kw>
<kw name="Input" library="AppLibrary">
<arg>${password}</arg>
<status status="PASS" starttime="20231117 13:16:45.441" endtime="20231117 13:16:45.441"/>
</kw>
<kw name="Run Application" library="AppLibrary">
<status status="PASS" starttime="20231117 13:16:45.441" endtime="20231117 13:16:45.441"/>
</kw>
<status status="PASS" starttime="20231117 13:16:45.441" endtime="20231117 13:16:45.441"/>
</kw>
<status status="PASS" starttime="20231117 13:16:45.441" endtime="20231117 13:16:45.441"/>
</kw>
<kw name="Output Should Contain" library="AppLibrary">
<arg>New user registered</arg>
<status status="PASS" starttime="20231117 13:16:45.441" endtime="20231117 13:16:45.441"/>
</kw>
<status status="PASS" starttime="20231117 13:16:45.441" endtime="20231117 13:16:45.442"/>
</test>
<test id="s1-s2-t2" name="Register With Already Taken Username And Valid Password" line="10">
<kw name="Create User Command" type="SETUP">
<kw name="Input New Command" library="resource">
<kw name="Input" library="AppLibrary">
<arg>new</arg>
<status status="PASS" starttime="20231117 13:16:45.442" endtime="20231117 13:16:45.442"/>
</kw>
<status status="PASS" starttime="20231117 13:16:45.442" endtime="20231117 13:16:45.442"/>
</kw>
<kw name="Input Credentials" library="resource">
<arg>jyrkiollila</arg>
<arg>jyrkiollila123</arg>
<kw name="Input" library="AppLibrary">
<arg>${username}</arg>
<status status="PASS" starttime="20231117 13:16:45.442" endtime="20231117 13:16:45.442"/>
</kw>
<kw name="Input" library="AppLibrary">
<arg>${password}</arg>
<status status="PASS" starttime="20231117 13:16:45.442" endtime="20231117 13:16:45.442"/>
</kw>
<kw name="Run Application" library="AppLibrary">
<status status="PASS" starttime="20231117 13:16:45.442" endtime="20231117 13:16:45.442"/>
</kw>
<status status="PASS" starttime="20231117 13:16:45.442" endtime="20231117 13:16:45.442"/>
</kw>
<status status="PASS" starttime="20231117 13:16:45.442" endtime="20231117 13:16:45.442"/>
</kw>
<kw name="Input New Command" library="resource">
<kw name="Input" library="AppLibrary">
<arg>new</arg>
<status status="PASS" starttime="20231117 13:16:45.443" endtime="20231117 13:16:45.443"/>
</kw>
<status status="PASS" starttime="20231117 13:16:45.443" endtime="20231117 13:16:45.443"/>
</kw>
<kw name="Input Credentials" library="resource">
<arg>jyrkiollila</arg>
<arg>jyrkiollila123</arg>
<kw name="Input" library="AppLibrary">
<arg>${username}</arg>
<status status="PASS" starttime="20231117 13:16:45.443" endtime="20231117 13:16:45.444"/>
</kw>
<kw name="Input" library="AppLibrary">
<arg>${password}</arg>
<status status="PASS" starttime="20231117 13:16:45.444" endtime="20231117 13:16:45.444"/>
</kw>
<kw name="Run Application" library="AppLibrary">
<status status="PASS" starttime="20231117 13:16:45.444" endtime="20231117 13:16:45.444"/>
</kw>
<status status="PASS" starttime="20231117 13:16:45.443" endtime="20231117 13:16:45.444"/>
</kw>
<kw name="Output Should Contain" library="AppLibrary">
<arg>User with username jyrkiollila already exists</arg>
<status status="PASS" starttime="20231117 13:16:45.444" endtime="20231117 13:16:45.444"/>
</kw>
<status status="PASS" starttime="20231117 13:16:45.442" endtime="20231117 13:16:45.444"/>
</test>
<test id="s1-s2-t3" name="Register With Too Short Username And Valid Password" line="16">
<kw name="Create User Command" type="SETUP">
<kw name="Input New Command" library="resource">
<kw name="Input" library="AppLibrary">
<arg>new</arg>
<status status="PASS" starttime="20231117 13:16:45.444" endtime="20231117 13:16:45.444"/>
</kw>
<status status="PASS" starttime="20231117 13:16:45.444" endtime="20231117 13:16:45.444"/>
</kw>
<kw name="Input Credentials" library="resource">
<arg>jyrkiollila</arg>
<arg>jyrkiollila123</arg>
<kw name="Input" library="AppLibrary">
<arg>${username}</arg>
<status status="PASS" starttime="20231117 13:16:45.445" endtime="20231117 13:16:45.445"/>
</kw>
<kw name="Input" library="AppLibrary">
<arg>${password}</arg>
<status status="PASS" starttime="20231117 13:16:45.445" endtime="20231117 13:16:45.445"/>
</kw>
<kw name="Run Application" library="AppLibrary">
<status status="PASS" starttime="20231117 13:16:45.445" endtime="20231117 13:16:45.445"/>
</kw>
<status status="PASS" starttime="20231117 13:16:45.444" endtime="20231117 13:16:45.445"/>
</kw>
<status status="PASS" starttime="20231117 13:16:45.444" endtime="20231117 13:16:45.445"/>
</kw>
<kw name="Input New Command" library="resource">
<kw name="Input" library="AppLibrary">
<arg>new</arg>
<status status="PASS" starttime="20231117 13:16:45.445" endtime="20231117 13:16:45.445"/>
</kw>
<status status="PASS" starttime="20231117 13:16:45.445" endtime="20231117 13:16:45.445"/>
</kw>
<kw name="Input Credentials" library="resource">
<arg>j</arg>
<arg>jyrkiollila123</arg>
<kw name="Input" library="AppLibrary">
<arg>${username}</arg>
<status status="PASS" starttime="20231117 13:16:45.445" endtime="20231117 13:16:45.445"/>
</kw>
<kw name="Input" library="AppLibrary">
<arg>${password}</arg>
<status status="PASS" starttime="20231117 13:16:45.445" endtime="20231117 13:16:45.445"/>
</kw>
<kw name="Run Application" library="AppLibrary">
<status status="PASS" starttime="20231117 13:16:45.445" endtime="20231117 13:16:45.445"/>
</kw>
<status status="PASS" starttime="20231117 13:16:45.445" endtime="20231117 13:16:45.445"/>
</kw>
<kw name="Output Should Contain" library="AppLibrary">
<arg>Username should be at least 3 characters long and only contain letters a-z.</arg>
<status status="PASS" starttime="20231117 13:16:45.445" endtime="20231117 13:16:45.445"/>
</kw>
<status status="PASS" starttime="20231117 13:16:45.444" endtime="20231117 13:16:45.445"/>
</test>
<test id="s1-s2-t4" name="Register With Enough Long But Invalid Username And Valid Password" line="21">
<kw name="Create User Command" type="SETUP">
<kw name="Input New Command" library="resource">
<kw name="Input" library="AppLibrary">
<arg>new</arg>
<status status="PASS" starttime="20231117 13:16:45.446" endtime="20231117 13:16:45.446"/>
</kw>
<status status="PASS" starttime="20231117 13:16:45.446" endtime="20231117 13:16:45.446"/>
</kw>
<kw name="Input Credentials" library="resource">
<arg>jyrkiollila</arg>
<arg>jyrkiollila123</arg>
<kw name="Input" library="AppLibrary">
<arg>${username}</arg>
<status status="PASS" starttime="20231117 13:16:45.446" endtime="20231117 13:16:45.446"/>
</kw>
<kw name="Input" library="AppLibrary">
<arg>${password}</arg>
<status status="PASS" starttime="20231117 13:16:45.446" endtime="20231117 13:16:45.446"/>
</kw>
<kw name="Run Application" library="AppLibrary">
<status status="PASS" starttime="20231117 13:16:45.446" endtime="20231117 13:16:45.446"/>
</kw>
<status status="PASS" starttime="20231117 13:16:45.446" endtime="20231117 13:16:45.446"/>
</kw>
<status status="PASS" starttime="20231117 13:16:45.446" endtime="20231117 13:16:45.446"/>
</kw>
<kw name="Input New Command" library="resource">
<kw name="Input" library="AppLibrary">
<arg>new</arg>
<status status="PASS" starttime="20231117 13:16:45.447" endtime="20231117 13:16:45.447"/>
</kw>
<status status="PASS" starttime="20231117 13:16:45.447" endtime="20231117 13:16:45.447"/>
</kw>
<kw name="Input Credentials" library="resource">
<arg>jyrkiollila!!!</arg>
<arg>jyrkiollila123</arg>
<kw name="Input" library="AppLibrary">
<arg>${username}</arg>
<status status="PASS" starttime="20231117 13:16:45.447" endtime="20231117 13:16:45.447"/>
</kw>
<kw name="Input" library="AppLibrary">
<arg>${password}</arg>
<status status="PASS" starttime="20231117 13:16:45.447" endtime="20231117 13:16:45.447"/>
</kw>
<kw name="Run Application" library="AppLibrary">
<status status="PASS" starttime="20231117 13:16:45.447" endtime="20231117 13:16:45.447"/>
</kw>
<status status="PASS" starttime="20231117 13:16:45.447" endtime="20231117 13:16:45.447"/>
</kw>
<kw name="Output Should Contain" library="AppLibrary">
<arg>Username should be at least 3 characters long and only contain letters a-z.</arg>
<status status="PASS" starttime="20231117 13:16:45.447" endtime="20231117 13:16:45.447"/>
</kw>
<status status="PASS" starttime="20231117 13:16:45.446" endtime="20231117 13:16:45.447"/>
</test>
<test id="s1-s2-t5" name="Register With Valid Username And Too Short Password" line="26">
<kw name="Create User Command" type="SETUP">
<kw name="Input New Command" library="resource">
<kw name="Input" library="AppLibrary">
<arg>new</arg>
<status status="PASS" starttime="20231117 13:16:45.448" endtime="20231117 13:16:45.448"/>
</kw>
<status status="PASS" starttime="20231117 13:16:45.448" endtime="20231117 13:16:45.448"/>
</kw>
<kw name="Input Credentials" library="resource">
<arg>jyrkiollila</arg>
<arg>jyrkiollila123</arg>
<kw name="Input" library="AppLibrary">
<arg>${username}</arg>
<status status="PASS" starttime="20231117 13:16:45.448" endtime="20231117 13:16:45.448"/>
</kw>
<kw name="Input" library="AppLibrary">
<arg>${password}</arg>
<status status="PASS" starttime="20231117 13:16:45.448" endtime="20231117 13:16:45.448"/>
</kw>
<kw name="Run Application" library="AppLibrary">
<status status="PASS" starttime="20231117 13:16:45.448" endtime="20231117 13:16:45.448"/>
</kw>
<status status="PASS" starttime="20231117 13:16:45.448" endtime="20231117 13:16:45.448"/>
</kw>
<status status="PASS" starttime="20231117 13:16:45.448" endtime="20231117 13:16:45.448"/>
</kw>
<kw name="Input New Command" library="resource">
<kw name="Input" library="AppLibrary">
<arg>new</arg>
<status status="PASS" starttime="20231117 13:16:45.448" endtime="20231117 13:16:45.449"/>
</kw>
<status status="PASS" starttime="20231117 13:16:45.448" endtime="20231117 13:16:45.449"/>
</kw>
<kw name="Input Credentials" library="resource">
<arg>jyrkiollila</arg>
<arg>jyrki</arg>
<kw name="Input" library="AppLibrary">
<arg>${username}</arg>
<status status="PASS" starttime="20231117 13:16:45.449" endtime="20231117 13:16:45.449"/>
</kw>
<kw name="Input" library="AppLibrary">
<arg>${password}</arg>
<status status="PASS" starttime="20231117 13:16:45.449" endtime="20231117 13:16:45.449"/>
</kw>
<kw name="Run Application" library="AppLibrary">
<status status="PASS" starttime="20231117 13:16:45.449" endtime="20231117 13:16:45.449"/>
</kw>
<status status="PASS" starttime="20231117 13:16:45.449" endtime="20231117 13:16:45.449"/>
</kw>
<kw name="Output Should Contain" library="AppLibrary">
<arg>Password should be at least 8 characters long and contain special symbols and/or numbers.</arg>
<status status="PASS" starttime="20231117 13:16:45.449" endtime="20231117 13:16:45.449"/>
</kw>
<status status="PASS" starttime="20231117 13:16:45.447" endtime="20231117 13:16:45.449"/>
</test>
<test id="s1-s2-t6" name="Register With Valid Username And Long Enough Password Containing Only Letters" line="31">
<kw name="Create User Command" type="SETUP">
<kw name="Input New Command" library="resource">
<kw name="Input" library="AppLibrary">
<arg>new</arg>
<status status="PASS" starttime="20231117 13:16:45.450" endtime="20231117 13:16:45.450"/>
</kw>
<status status="PASS" starttime="20231117 13:16:45.450" endtime="20231117 13:16:45.450"/>
</kw>
<kw name="Input Credentials" library="resource">
<arg>jyrkiollila</arg>
<arg>jyrkiollila123</arg>
<kw name="Input" library="AppLibrary">
<arg>${username}</arg>
<status status="PASS" starttime="20231117 13:16:45.450" endtime="20231117 13:16:45.450"/>
</kw>
<kw name="Input" library="AppLibrary">
<arg>${password}</arg>
<status status="PASS" starttime="20231117 13:16:45.450" endtime="20231117 13:16:45.450"/>
</kw>
<kw name="Run Application" library="AppLibrary">
<status status="PASS" starttime="20231117 13:16:45.450" endtime="20231117 13:16:45.451"/>
</kw>
<status status="PASS" starttime="20231117 13:16:45.450" endtime="20231117 13:16:45.451"/>
</kw>
<status status="PASS" starttime="20231117 13:16:45.450" endtime="20231117 13:16:45.451"/>
</kw>
<kw name="Input New Command" library="resource">
<kw name="Input" library="AppLibrary">
<arg>new</arg>
<status status="PASS" starttime="20231117 13:16:45.451" endtime="20231117 13:16:45.451"/>
</kw>
<status status="PASS" starttime="20231117 13:16:45.451" endtime="20231117 13:16:45.451"/>
</kw>
<kw name="Input Credentials" library="resource">
<arg>jyrkiollila</arg>
<arg>jyrkiollila</arg>
<kw name="Input" library="AppLibrary">
<arg>${username}</arg>
<status status="PASS" starttime="20231117 13:16:45.451" endtime="20231117 13:16:45.451"/>
</kw>
<kw name="Input" library="AppLibrary">
<arg>${password}</arg>
<status status="PASS" starttime="20231117 13:16:45.451" endtime="20231117 13:16:45.451"/>
</kw>
<kw name="Run Application" library="AppLibrary">
<status status="PASS" starttime="20231117 13:16:45.451" endtime="20231117 13:16:45.451"/>
</kw>
<status status="PASS" starttime="20231117 13:16:45.451" endtime="20231117 13:16:45.451"/>
</kw>
<kw name="Output Should Contain" library="AppLibrary">
<arg>Password should be at least 8 characters long and contain special symbols and/or numbers.</arg>
<status status="PASS" starttime="20231117 13:16:45.451" endtime="20231117 13:16:45.451"/>
</kw>
<status status="PASS" starttime="20231117 13:16:45.450" endtime="20231117 13:16:45.451"/>
</test>
<status status="PASS" starttime="20231117 13:16:45.439" endtime="20231117 13:16:45.452"/>
</suite>
<status status="PASS" starttime="20231117 13:16:45.423" endtime="20231117 13:16:45.452"/>
</suite>
<statistics>
<total>
<stat pass="9" fail="0" skip="0">All Tests</stat>
</total>
<tag>
</tag>
<suite>
<stat pass="9" fail="0" skip="0" id="s1" name="Tests">Tests</stat>
<stat pass="3" fail="0" skip="0" id="s1-s1" name="Login">Tests.Login</stat>
<stat pass="6" fail="0" skip="0" id="s1-s2" name="Register">Tests.Register</stat>
</suite>
</statistics>
<errors>
</errors>
</robot>
